app/build/intermediates/manifest_merge_blame_file/debug/processDebugMainManifest/manifest-merger-blame-debug-report.txt
1<?xml version="1.0" encoding="utf-8"?>
2<manifest xmlns:android="http://schemas.android.com/apk/res/android"
3    package="com.example.agroassist"
4    android:versionCode="1"
5    android:versionName="1.0" >
6
7    <uses-sdk
8        android:minSdkVersion="24"
9        android:targetSdkVersion="34" />
10
11    <uses-permission android:name="android.permission.INTERNET" />
11-->src\main\AndroidManifest.xml:3:5-67
11-->src\main\AndroidManifest.xml:3:22-64
12    <uses-permission android:name="android.permission.CAMERA" />
12-->src\main\AndroidManifest.xml:4:5-65
12-->src\main\AndroidManifest.xml:4:22-62
13
14    <uses-feature
14-->src\main\AndroidManifest.xml:5:5-85
15        android:name="android.hardware.camera"
15-->src\main\AndroidManifest.xml:5:19-57
16        android:required="false" />
16-->src\main\AndroidManifest.xml:5:58-82
17
18    <uses-permission android:name="android.permission.ACCESS_NETWORK_STATE" />
18-->src\main\AndroidManifest.xml:6:5-79
18-->src\main\AndroidManifest.xml:6:22-76
19    <uses-permission android:name="android.permission.ACCESS_FINE_LOCATION" />
19-->src\main\AndroidManifest.xml:7:5-79
19-->src\main\AndroidManifest.xml:7:22-76
20    <uses-permission android:name="android.permission.ACCESS_COARSE_LOCATION" />
20-->src\main\AndroidManifest.xml:8:5-81
20-->src\main\AndroidManifest.xml:8:22-78
21    <uses-permission android:name="android.permission.POST_NOTIFICATIONS" />
21-->src\main\AndroidManifest.xml:9:5-77
21-->src\main\AndroidManifest.xml:9:22-74
22    <uses-permission android:name="android.permission.SCHEDULE_EXACT_ALARM" />
22-->src\main\AndroidManifest.xml:10:5-79
22-->src\main\AndroidManifest.xml:10:22-76
23    <uses-permission android:name="android.permission.USE_EXACT_ALARM" />
23-->src\main\AndroidManifest.xml:11:5-74
23-->src\main\AndroidManifest.xml:11:22-71
24    <uses-permission android:name="android.permission.USE_BIOMETRIC" />
24-->src\main\AndroidManifest.xml:12:5-72
24-->src\main\AndroidManifest.xml:12:22-69
25    <uses-permission android:name="android.permission.RECORD_AUDIO" />
25-->src\main\AndroidManifest.xml:13:5-71
25-->src\main\AndroidManifest.xml:13:22-68
26    <uses-permission android:name="com.google.android.providers.gsf.permission.READ_GSERVICES" />
26-->[com.google.android.recaptcha:recaptcha:18.4.0] AndroidManifest.xml:9:5-98
26-->[com.google.android.recaptcha:recaptcha:18.4.0] AndroidManifest.xml:9:22-95
27
28    <permission
28-->[androidx.core:core:1.12.0] AndroidManifest.xml:22:5-24:47
29        android:name="com.example.agroassist.DYNAMIC_RECEIVER_NOT_EXPORTED_PERMISSION"
29-->[androidx.core:core:1.12.0] AndroidManifest.xml:23:9-81
30        android:protectionLevel="signature" />
30-->[androidx.core:core:1.12.0] AndroidManifest.xml:24:9-44
31
32    <uses-permission android:name="com.example.agroassist.DYNAMIC_RECEIVER_NOT_EXPORTED_PERMISSION" />
32-->[androidx.core:core:1.12.0] AndroidManifest.xml:26:5-97
32-->[androidx.core:core:1.12.0] AndroidManifest.xml:26:22-94
33
34    <supports-screens
34-->[org.osmdroid:osmdroid-android:6.1.18] AndroidManifest.xml:9:5-12:40
35        android:anyDensity="true"
35-->[org.osmdroid:osmdroid-android:6.1.18] AndroidManifest.xml:10:9-34
36        android:largeScreens="true"
36-->[org.osmdroid:osmdroid-android:6.1.18] AndroidManifest.xml:11:9-36
37        android:normalScreens="true" />
37-->[org.osmdroid:osmdroid-android:6.1.18] AndroidManifest.xml:12:9-37
38
39    <uses-feature
39-->[org.osmdroid:osmdroid-android:6.1.18] AndroidManifest.xml:14:5-16:36
40        android:name="android.hardware.location.network"
40-->[org.osmdroid:osmdroid-android:6.1.18] AndroidManifest.xml:15:9-57
41        android:required="false" />
41-->[org.osmdroid:osmdroid-android:6.1.18] AndroidManifest.xml:16:9-33
42    <uses-feature
42-->[org.osmdroid:osmdroid-android:6.1.18] AndroidManifest.xml:17:5-19:36
43        android:name="android.hardware.location.gps"
43-->[org.osmdroid:osmdroid-android:6.1.18] AndroidManifest.xml:18:9-53
44        android:required="false" />
44-->[org.osmdroid:osmdroid-android:6.1.18] AndroidManifest.xml:19:9-33
45    <uses-feature
45-->[org.osmdroid:osmdroid-android:6.1.18] AndroidManifest.xml:20:5-22:36
46        android:name="android.hardware.telephony"
46-->[org.osmdroid:osmdroid-android:6.1.18] AndroidManifest.xml:21:9-50
47        android:required="false" />
47-->[org.osmdroid:osmdroid-android:6.1.18] AndroidManifest.xml:22:9-33
48    <uses-feature
48-->[org.osmdroid:osmdroid-android:6.1.18] AndroidManifest.xml:23:5-25:36
49        android:name="android.hardware.wifi"
49-->[org.osmdroid:osmdroid-android:6.1.18] AndroidManifest.xml:24:9-45
50        android:required="false" />
50-->[org.osmdroid:osmdroid-android:6.1.18] AndroidManifest.xml:25:9-33
51
52    <application
52-->src\main\AndroidManifest.xml:15:5-104:19
53        android:allowBackup="true"
53-->src\main\AndroidManifest.xml:16:9-35
54        android:appComponentFactory="androidx.core.app.CoreComponentFactory"
54-->[androidx.core:core:1.12.0] AndroidManifest.xml:28:18-86
55        android:debuggable="true"
56        android:extractNativeLibs="false"
57        android:icon="@drawable/ic_app_logo"
57-->src\main\AndroidManifest.xml:17:9-45
58        android:label="AgroAssist AI"
58-->src\main\AndroidManifest.xml:18:9-38
59        android:roundIcon="@drawable/ic_app_logo"
59-->src\main\AndroidManifest.xml:19:9-50
60        android:supportsRtl="true"
60-->src\main\AndroidManifest.xml:20:9-35
61        android:testOnly="true"
62        android:theme="@style/Theme.AgroAssist" >
62-->src\main\AndroidManifest.xml:21:9-48
63        <activity
63-->src\main\AndroidManifest.xml:23:9-30:20
64            android:name="com.example.agroassist.MainActivity"
64-->src\main\AndroidManifest.xml:24:13-41
65            android:exported="true" >
65-->src\main\AndroidManifest.xml:25:13-36
66            <intent-filter>
66-->src\main\AndroidManifest.xml:26:13-29:29
67                <action android:name="android.intent.action.MAIN" />
67-->src\main\AndroidManifest.xml:27:17-69
67-->src\main\AndroidManifest.xml:27:25-66
68
69                <category android:name="android.intent.category.LAUNCHER" />
69-->src\main\AndroidManifest.xml:28:17-77
69-->src\main\AndroidManifest.xml:28:27-74
70            </intent-filter>
71        </activity>
72        <activity android:name="com.example.agroassist.LoginActivity" />
72-->src\main\AndroidManifest.xml:32:9-51
72-->src\main\AndroidManifest.xml:32:19-48
73        <activity android:name="com.example.agroassist.OtpVerificationActivity" />
73-->src\main\AndroidManifest.xml:33:9-61
73-->src\main\AndroidManifest.xml:33:19-58
74        <activity android:name="com.example.agroassist.EmailLoginActivity" />
74-->src\main\AndroidManifest.xml:34:9-56
74-->src\main\AndroidManifest.xml:34:19-53
75        <activity android:name="com.example.agroassist.ForgotPasswordActivity" />
75-->src\main\AndroidManifest.xml:35:9-60
75-->src\main\AndroidManifest.xml:35:19-57
76        <activity android:name="com.example.agroassist.CheckEmailActivity" />
76-->src\main\AndroidManifest.xml:36:9-56
76-->src\main\AndroidManifest.xml:36:19-53
77        <activity android:name="com.example.agroassist.CreateNewPasswordActivity" />
77-->src\main\AndroidManifest.xml:37:9-63
77-->src\main\AndroidManifest.xml:37:19-60
78        <activity android:name="com.example.agroassist.PasswordSuccessActivity" />
78-->src\main\AndroidManifest.xml:38:9-61
78-->src\main\AndroidManifest.xml:38:19-58
79        <activity android:name="com.example.agroassist.ProfileSetupActivity" />
79-->src\main\AndroidManifest.xml:39:9-58
79-->src\main\AndroidManifest.xml:39:19-55
80        <activity android:name="com.example.agroassist.LocationSetupActivity" />
80-->src\main\AndroidManifest.xml:40:9-59
80-->src\main\AndroidManifest.xml:40:19-56
81        <activity android:name="com.example.agroassist.DashboardActivity" />
81-->src\main\AndroidManifest.xml:41:9-55
81-->src\main\AndroidManifest.xml:41:19-52
82        <activity android:name="com.example.agroassist.NotificationsActivity" />
82-->src\main\AndroidManifest.xml:42:9-59
82-->src\main\AndroidManifest.xml:42:19-56
83        <activity android:name="com.example.agroassist.DetectionActivity" />
83-->src\main\AndroidManifest.xml:43:9-55
83-->src\main\AndroidManifest.xml:43:19-52
84        <activity android:name="com.example.agroassist.CommunityActivity" />
84-->src\main\AndroidManifest.xml:44:9-55
84-->src\main\AndroidManifest.xml:44:19-52
85        <activity android:name="com.example.agroassist.CreatePostActivity" />
85-->src\main\AndroidManifest.xml:45:9-56
85-->src\main\AndroidManifest.xml:45:19-53
86        <activity android:name="com.example.agroassist.CameraActivity" />
86-->src\main\AndroidManifest.xml:46:9-52
86-->src\main\AndroidManifest.xml:46:19-49
87        <activity android:name="com.example.agroassist.ImageReviewActivity" />
87-->src\main\AndroidManifest.xml:47:9-57
87-->src\main\AndroidManifest.xml:47:19-54
88        <activity android:name="com.example.agroassist.AnalysisActivity" />
88-->src\main\AndroidManifest.xml:48:9-54
88-->src\main\AndroidManifest.xml:48:19-51
89        <activity android:name="com.example.agroassist.ResultsActivity" />
89-->src\main\AndroidManifest.xml:49:9-53
89-->src\main\AndroidManifest.xml:49:19-50
90        <activity android:name="com.example.agroassist.ReportActivity" />
90-->src\main\AndroidManifest.xml:50:9-52
90-->src\main\AndroidManifest.xml:50:19-49
91        <activity android:name="com.example.agroassist.WhatsAppShareActivity" />
91-->src\main\AndroidManifest.xml:51:9-59
91-->src\main\AndroidManifest.xml:51:19-56
92        <activity android:name="com.example.agroassist.FacebookShareActivity" />
92-->src\main\AndroidManifest.xml:52:9-59
92-->src\main\AndroidManifest.xml:52:19-56
93        <activity android:name="com.example.agroassist.TwitterShareActivity" />
93-->src\main\AndroidManifest.xml:53:9-58
93-->src\main\AndroidManifest.xml:53:19-55
94        <activity android:name="com.example.agroassist.TelegramShareActivity" />
94-->src\main\AndroidManifest.xml:54:9-59
94-->src\main\AndroidManifest.xml:54:19-56
95        <activity android:name="com.example.agroassist.InstagramShareActivity" />
95-->src\main\AndroidManifest.xml:55:9-60
95-->src\main\AndroidManifest.xml:55:19-57
96        <activity android:name="com.example.agroassist.EmailShareActivity" />
96-->src\main\AndroidManifest.xml:56:9-56
96-->src\main\AndroidManifest.xml:56:19-53
97        <activity android:name="com.example.agroassist.RecommendedProductsActivity" />
97-->src\main\AndroidManifest.xml:57:9-65
97-->src\main\AndroidManifest.xml:57:19-62
98        <activity android:name="com.example.agroassist.ProductDetailsActivity" />
98-->src\main\AndroidManifest.xml:58:9-60
98-->src\main\AndroidManifest.xml:58:19-57
99        <activity android:name="com.example.agroassist.CartActivity" />
99-->src\main\AndroidManifest.xml:59:9-50
99-->src\main\AndroidManifest.xml:59:19-47
100        <activity android:name="com.example.agroassist.NearbyShopsActivity" />
100-->src\main\AndroidManifest.xml:60:9-57
100-->src\main\AndroidManifest.xml:60:19-54
101        <activity android:name="com.example.agroassist.ShopMapActivity" />
101-->src\main\AndroidManifest.xml:61:9-53
101-->src\main\AndroidManifest.xml:61:19-50
102        <activity android:name="com.example.agroassist.WeatherDashboardActivity" />
102-->src\main\AndroidManifest.xml:62:9-62
102-->src\main\AndroidManifest.xml:62:19-59
103        <activity android:name="com.example.agroassist.SeasonPlanningActivity" />
103-->src\main\AndroidManifest.xml:63:9-60
103-->src\main\AndroidManifest.xml:63:19-57
104        <activity android:name="com.example.agroassist.CropCalendarActivity" />
104-->src\main\AndroidManifest.xml:64:9-58
104-->src\main\AndroidManifest.xml:64:19-55
105        <activity android:name="com.example.agroassist.AddCropActivity" />
105-->src\main\AndroidManifest.xml:65:9-53
105-->src\main\AndroidManifest.xml:65:19-50
106        <activity android:name="com.example.agroassist.CropAddedSuccessActivity" />
106-->src\main\AndroidManifest.xml:66:9-62
106-->src\main\AndroidManifest.xml:66:19-59
107        <activity android:name="com.example.agroassist.CustomPlanGeneratorActivity" />
107-->src\main\AndroidManifest.xml:67:9-65
107-->src\main\AndroidManifest.xml:67:19-62
108        <activity android:name="com.example.agroassist.FarmingPlanResultActivity" />
108-->src\main\AndroidManifest.xml:68:9-63
108-->src\main\AndroidManifest.xml:68:19-60
109        <activity android:name="com.example.agroassist.CropRotationActivity" />
109-->src\main\AndroidManifest.xml:69:9-58
109-->src\main\AndroidManifest.xml:69:19-55
110        <activity android:name="com.example.agroassist.PlantingTimesActivity" />
110-->src\main\AndroidManifest.xml:70:9-59
110-->src\main\AndroidManifest.xml:70:19-56
111        <activity android:name="com.example.agroassist.WaterManagementActivity" />
111-->src\main\AndroidManifest.xml:71:9-61
111-->src\main\AndroidManifest.xml:71:19-58
112        <activity android:name="com.example.agroassist.CreateScheduleActivity" />
112-->src\main\AndroidManifest.xml:72:9-60
112-->src\main\AndroidManifest.xml:72:19-57
113        <activity android:name="com.example.agroassist.FertilizerScheduleActivity" />
113-->src\main\AndroidManifest.xml:73:9-64
113-->src\main\AndroidManifest.xml:73:19-61
114        <activity android:name="com.example.agroassist.AddFertilizerScheduleActivity" />
114-->src\main\AndroidManifest.xml:74:9-67
114-->src\main\AndroidManifest.xml:74:19-64
115        <activity android:name="com.example.agroassist.DiseasePreventionActivity" />
115-->src\main\AndroidManifest.xml:75:9-63
115-->src\main\AndroidManifest.xml:75:19-60
116        <activity android:name="com.example.agroassist.MarketPricesActivity" />
116-->src\main\AndroidManifest.xml:76:9-58
116-->src\main\AndroidManifest.xml:76:19-55
117        <activity android:name="com.example.agroassist.CropPriceDetailsActivity" />
117-->src\main\AndroidManifest.xml:77:9-62
117-->src\main\AndroidManifest.xml:77:19-59
118        <activity android:name="com.example.agroassist.VoiceListeningActivity" />
118-->src\main\AndroidManifest.xml:78:9-60
118-->src\main\AndroidManifest.xml:78:19-57
119        <activity android:name="com.example.agroassist.VoiceAssistantActivity" />
119-->src\main\AndroidManifest.xml:79:9-60
119-->src\main\AndroidManifest.xml:79:19-57
120        <activity android:name="com.example.agroassist.ChatAssistantActivity" />
120-->src\main\AndroidManifest.xml:80:9-59
120-->src\main\AndroidManifest.xml:80:19-56
121        <activity android:name="com.example.agroassist.MonthlyReportActivity" />
121-->src\main\AndroidManifest.xml:81:9-59
121-->src\main\AndroidManifest.xml:81:19-56
122        <activity android:name="com.example.agroassist.DetectionHistoryActivity" />
122-->src\main\AndroidManifest.xml:82:9-62
122-->src\main\AndroidManifest.xml:82:19-59
123        <activity android:name="com.example.agroassist.AnalyticsReportsActivity" />
123-->src\main\AndroidManifest.xml:83:9-62
123-->src\main\AndroidManifest.xml:83:19-59
124        <activity android:name="com.example.agroassist.WeeklyReportActivity" />
124-->src\main\AndroidManifest.xml:84:9-58
124-->src\main\AndroidManifest.xml:84:19-55
125        <activity android:name="com.example.agroassist.DailyReportActivity" />
125-->src\main\AndroidManifest.xml:85:9-57
125-->src\main\AndroidManifest.xml:85:19-54
126        <activity android:name="com.example.agroassist.ProfileActivity" />
126-->src\main\AndroidManifest.xml:86:9-53
126-->src\main\AndroidManifest.xml:86:19-50
127        <activity android:name="com.example.agroassist.HelpSupportActivity" />
127-->src\main\AndroidManifest.xml:87:9-57
127-->src\main\AndroidManifest.xml:87:19-54
128        <activity android:name="com.example.agroassist.PrivacyPolicyActivity" />
128-->src\main\AndroidManifest.xml:88:9-59
128-->src\main\AndroidManifest.xml:88:19-56
129        <activity android:name="com.example.agroassist.EditProfileActivity" />
129-->src\main\AndroidManifest.xml:89:9-57
129-->src\main\AndroidManifest.xml:89:19-54
130        <activity android:name="com.example.agroassist.AchievementsActivity" />
130-->src\main\AndroidManifest.xml:90:9-58
130-->src\main\AndroidManifest.xml:90:19-55
131        <activity android:name="com.example.agroassist.SettingsActivity" />
131-->src\main\AndroidManifest.xml:91:9-54
131-->src\main\AndroidManifest.xml:91:19-51
132        <activity android:name="com.example.agroassist.DataUsageActivity" />
132-->src\main\AndroidManifest.xml:92:9-55
132-->src\main\AndroidManifest.xml:92:19-52
133        <activity android:name="com.example.agroassist.GovSchemesActivity" />
133-->src\main\AndroidManifest.xml:93:9-56
133-->src\main\AndroidManifest.xml:93:19-53
134        <activity android:name="com.example.agroassist.SchemeDetailsActivity" />
134-->src\main\AndroidManifest.xml:94:9-59
134-->src\main\AndroidManifest.xml:94:19-56
135        <activity android:name="com.example.agroassist.MarketLocationActivity" />
135-->src\main\AndroidManifest.xml:95:9-60
135-->src\main\AndroidManifest.xml:95:19-57
136        <activity android:name="com.example.agroassist.CommentsActivity" />
136-->src\main\AndroidManifest.xml:96:9-54
136-->src\main\AndroidManifest.xml:96:19-51
137        <activity android:name="com.example.agroassist.MyPostsActivity" />
137-->src\main\AndroidManifest.xml:97:9-53
137-->src\main\AndroidManifest.xml:97:19-50
138        <activity android:name="com.example.agroassist.MyCommentsActivity" />
138-->src\main\AndroidManifest.xml:98:9-56
138-->src\main\AndroidManifest.xml:98:19-53
139
140        <receiver
140-->src\main\AndroidManifest.xml:100:9-84
141            android:name="com.example.agroassist.WateringAlarmReceiver"
141-->src\main\AndroidManifest.xml:100:19-56
142            android:exported="false" />
142-->src\main\AndroidManifest.xml:100:57-81
143        <receiver
143-->src\main\AndroidManifest.xml:101:9-86
144            android:name="com.example.agroassist.FertilizerAlarmReceiver"
144-->src\main\AndroidManifest.xml:101:19-58
145            android:exported="false" />
145-->src\main\AndroidManifest.xml:101:59-83
146        <receiver
146-->src\main\AndroidManifest.xml:102:9-86
147            android:name="com.example.agroassist.GovSchemesAlarmReceiver"
147-->src\main\AndroidManifest.xml:102:19-58
148            android:exported="false" />
148-->src\main\AndroidManifest.xml:102:59-83
149
150        <!--
151        Service for holding metadata. Cannot be instantiated.
152        Metadata will be merged from other manifests.
153        -->
154        <service
154-->[androidx.camera:camera-core:1.3.1] AndroidManifest.xml:29:9-33:78
155            android:name="androidx.camera.core.impl.MetadataHolderService"
155-->[androidx.camera:camera-core:1.3.1] AndroidManifest.xml:30:13-75
156            android:enabled="false"
156-->[androidx.camera:camera-core:1.3.1] AndroidManifest.xml:31:13-36
157            android:exported="false" >
157-->[androidx.camera:camera-core:1.3.1] AndroidManifest.xml:32:13-37
158            <meta-data
158-->[androidx.camera:camera-camera2:1.3.1] AndroidManifest.xml:30:13-32:89
159                android:name="androidx.camera.core.impl.MetadataHolderService.DEFAULT_CONFIG_PROVIDER"
159-->[androidx.camera:camera-camera2:1.3.1] AndroidManifest.xml:31:17-103
160                android:value="androidx.camera.camera2.Camera2Config$DefaultProvider" />
160-->[androidx.camera:camera-camera2:1.3.1] AndroidManifest.xml:32:17-86
161        </service>
162
163        <provider
163-->[androidx.emoji2:emoji2:1.2.0] AndroidManifest.xml:24:9-32:20
164            android:name="androidx.startup.InitializationProvider"
164-->[androidx.emoji2:emoji2:1.2.0] AndroidManifest.xml:25:13-67
165            android:authorities="com.example.agroassist.androidx-startup"
165-->[androidx.emoji2:emoji2:1.2.0] AndroidManifest.xml:26:13-68
166            android:exported="false" >
166-->[androidx.emoji2:emoji2:1.2.0] AndroidManifest.xml:27:13-37
167            <meta-data
167-->[androidx.emoji2:emoji2:1.2.0] AndroidManifest.xml:29:13-31:52
168                android:name="androidx.emoji2.text.EmojiCompatInitializer"
168-->[androidx.emoji2:emoji2:1.2.0] AndroidManifest.xml:30:17-75
169                android:value="androidx.startup" />
169-->[androidx.emoji2:emoji2:1.2.0] AndroidManifest.xml:31:17-49
170            <meta-data
170-->[androidx.lifecycle:lifecycle-process:2.6.1] AndroidManifest.xml:29:13-31:52
171                android:name="androidx.lifecycle.ProcessLifecycleInitializer"
171-->[androidx.lifecycle:lifecycle-process:2.6.1] AndroidManifest.xml:30:17-78
172                android:value="androidx.startup" />
172-->[androidx.lifecycle:lifecycle-process:2.6.1] AndroidManifest.xml:31:17-49
173            <meta-data
173-->[androidx.profileinstaller:profileinstaller:1.3.0] AndroidManifest.xml:29:13-31:52
174                android:name="androidx.profileinstaller.ProfileInstallerInitializer"
174-->[androidx.profileinstaller:profileinstaller:1.3.0] AndroidManifest.xml:30:17-85
175                android:value="androidx.startup" />
175-->[androidx.profileinstaller:profileinstaller:1.3.0] AndroidManifest.xml:31:17-49
176        </provider>
177
178        <activity
178-->[com.google.android.gms:play-services-auth:20.7.0] AndroidManifest.xml:23:9-27:75
179            android:name="com.google.android.gms.auth.api.signin.internal.SignInHubActivity"
179-->[com.google.android.gms:play-services-auth:20.7.0] AndroidManifest.xml:24:13-93
180            android:excludeFromRecents="true"
180-->[com.google.android.gms:play-services-auth:20.7.0] AndroidManifest.xml:25:13-46
181            android:exported="false"
181-->[com.google.android.gms:play-services-auth:20.7.0] AndroidManifest.xml:26:13-37
182            android:theme="@android:style/Theme.Translucent.NoTitleBar" />
182-->[com.google.android.gms:play-services-auth:20.7.0] AndroidManifest.xml:27:13-72
183        <!--
184            Service handling Google Sign-In user revocation. For apps that do not integrate with
185            Google Sign-In, this service will never be started.
186        -->
187        <service
187-->[com.google.android.gms:play-services-auth:20.7.0] AndroidManifest.xml:33:9-37:51
188            android:name="com.google.android.gms.auth.api.signin.RevocationBoundService"
188-->[com.google.android.gms:play-services-auth:20.7.0] AndroidManifest.xml:34:13-89
189            android:exported="true"
189-->[com.google.android.gms:play-services-auth:20.7.0] AndroidManifest.xml:35:13-36
190            android:permission="com.google.android.gms.auth.api.signin.permission.REVOCATION_NOTIFICATION"
190-->[com.google.android.gms:play-services-auth:20.7.0] AndroidManifest.xml:36:13-107
191            android:visibleToInstantApps="true" />
191-->[com.google.android.gms:play-services-auth:20.7.0] AndroidManifest.xml:37:13-48
192        <service
192-->[com.google.firebase:firebase-auth-ktx:22.3.1] AndroidManifest.xml:8:9-14:19
193            android:name="com.google.firebase.components.ComponentDiscoveryService"
193-->[com.google.firebase:firebase-auth-ktx:22.3.1] AndroidManifest.xml:9:13-84
194            android:directBootAware="true"
194-->[com.google.firebase:firebase-common:20.4.2] AndroidManifest.xml:32:13-43
195            android:exported="false" >
195-->[com.google.firebase:firebase-auth-ktx:22.3.1] AndroidManifest.xml:10:13-37
196            <meta-data
196-->[com.google.firebase:firebase-auth-ktx:22.3.1] AndroidManifest.xml:11:13-13:85
197                android:name="com.google.firebase.components:com.google.firebase.auth.ktx.FirebaseAuthLegacyRegistrar"
197-->[com.google.firebase:firebase-auth-ktx:22.3.1] AndroidManifest.xml:12:17-119
198                android:value="com.google.firebase.components.ComponentRegistrar" />
198-->[com.google.firebase:firebase-auth-ktx:22.3.1] AndroidManifest.xml:13:17-82
199            <meta-data
199-->[com.google.firebase:firebase-auth:22.3.1] AndroidManifest.xml:69:13-71:85
200                android:name="com.google.firebase.components:com.google.firebase.auth.FirebaseAuthRegistrar"
200-->[com.google.firebase:firebase-auth:22.3.1] AndroidManifest.xml:70:17-109
201                android:value="com.google.firebase.components.ComponentRegistrar" />
201-->[com.google.firebase:firebase-auth:22.3.1] AndroidManifest.xml:71:17-82
202            <meta-data
202-->[com.google.firebase:firebase-common-ktx:20.4.2] AndroidManifest.xml:12:13-14:85
203                android:name="com.google.firebase.components:com.google.firebase.ktx.FirebaseCommonLegacyRegistrar"
203-->[com.google.firebase:firebase-common-ktx:20.4.2] AndroidManifest.xml:13:17-116
204                android:value="com.google.firebase.components.ComponentRegistrar" />
204-->[com.google.firebase:firebase-common-ktx:20.4.2] AndroidManifest.xml:14:17-82
205            <meta-data
205-->[com.google.firebase:firebase-common:20.4.2] AndroidManifest.xml:35:13-37:85
206                android:name="com.google.firebase.components:com.google.firebase.FirebaseCommonKtxRegistrar"
206-->[com.google.firebase:firebase-common:20.4.2] AndroidManifest.xml:36:17-109
207                android:value="com.google.firebase.components.ComponentRegistrar" />
207-->[com.google.firebase:firebase-common:20.4.2] AndroidManifest.xml:37:17-82
208        </service>
209
210        <activity
210-->[com.google.firebase:firebase-auth:22.3.1] AndroidManifest.xml:29:9-46:20
211            android:name="com.google.firebase.auth.internal.GenericIdpActivity"
211-->[com.google.firebase:firebase-auth:22.3.1] AndroidManifest.xml:30:13-80
212            android:excludeFromRecents="true"
212-->[com.google.firebase:firebase-auth:22.3.1] AndroidManifest.xml:31:13-46
213            android:exported="true"
213-->[com.google.firebase:firebase-auth:22.3.1] AndroidManifest.xml:32:13-36
214            android:launchMode="singleTask"
214-->[com.google.firebase:firebase-auth:22.3.1] AndroidManifest.xml:33:13-44
215            android:theme="@android:style/Theme.Translucent.NoTitleBar" >
215-->[com.google.firebase:firebase-auth:22.3.1] AndroidManifest.xml:34:13-72
216            <intent-filter>
216-->[com.google.firebase:firebase-auth:22.3.1] AndroidManifest.xml:35:13-45:29
217                <action android:name="android.intent.action.VIEW" />
217-->[com.google.firebase:firebase-auth:22.3.1] AndroidManifest.xml:36:17-69
217-->[com.google.firebase:firebase-auth:22.3.1] AndroidManifest.xml:36:25-66
218
219                <category android:name="android.intent.category.DEFAULT" />
219-->[com.google.firebase:firebase-auth:22.3.1] AndroidManifest.xml:38:17-76
219-->[com.google.firebase:firebase-auth:22.3.1] AndroidManifest.xml:38:27-73
220                <category android:name="android.intent.category.BROWSABLE" />
220-->[com.google.firebase:firebase-auth:22.3.1] AndroidManifest.xml:39:17-78
220-->[com.google.firebase:firebase-auth:22.3.1] AndroidManifest.xml:39:27-75
221
222                <data
222-->[com.google.firebase:firebase-auth:22.3.1] AndroidManifest.xml:41:17-44:51
223                    android:host="firebase.auth"
223-->[com.google.firebase:firebase-auth:22.3.1] AndroidManifest.xml:42:21-49
224                    android:path="/"
224-->[com.google.firebase:firebase-auth:22.3.1] AndroidManifest.xml:43:21-37
225                    android:scheme="genericidp" />
225-->[com.google.firebase:firebase-auth:22.3.1] AndroidManifest.xml:44:21-48
226            </intent-filter>
227        </activity>
228        <activity
228-->[com.google.firebase:firebase-auth:22.3.1] AndroidManifest.xml:47:9-64:20
229            android:name="com.google.firebase.auth.internal.RecaptchaActivity"
229-->[com.google.firebase:firebase-auth:22.3.1] AndroidManifest.xml:48:13-79
230            android:excludeFromRecents="true"
230-->[com.google.firebase:firebase-auth:22.3.1] AndroidManifest.xml:49:13-46
231            android:exported="true"
231-->[com.google.firebase:firebase-auth:22.3.1] AndroidManifest.xml:50:13-36
232            android:launchMode="singleTask"
232-->[com.google.firebase:firebase-auth:22.3.1] AndroidManifest.xml:51:13-44
233            android:theme="@android:style/Theme.Translucent.NoTitleBar" >
233-->[com.google.firebase:firebase-auth:22.3.1] AndroidManifest.xml:52:13-72
234            <intent-filter>
234-->[com.google.firebase:firebase-auth:22.3.1] AndroidManifest.xml:53:13-63:29
235                <action android:name="android.intent.action.VIEW" />
235-->[com.google.firebase:firebase-auth:22.3.1] AndroidManifest.xml:36:17-69
235-->[com.google.firebase:firebase-auth:22.3.1] AndroidManifest.xml:36:25-66
236
237                <category android:name="android.intent.category.DEFAULT" />
237-->[com.google.firebase:firebase-auth:22.3.1] AndroidManifest.xml:38:17-76
237-->[com.google.firebase:firebase-auth:22.3.1] AndroidManifest.xml:38:27-73
238                <category android:name="android.intent.category.BROWSABLE" />
238-->[com.google.firebase:firebase-auth:22.3.1] AndroidManifest.xml:39:17-78
238-->[com.google.firebase:firebase-auth:22.3.1] AndroidManifest.xml:39:27-75
239
240                <data
240-->[com.google.firebase:firebase-auth:22.3.1] AndroidManifest.xml:41:17-44:51
241                    android:host="firebase.auth"
241-->[com.google.firebase:firebase-auth:22.3.1] AndroidManifest.xml:42:21-49
242                    android:path="/"
242-->[com.google.firebase:firebase-auth:22.3.1] AndroidManifest.xml:43:21-37
243                    android:scheme="recaptcha" />
243-->[com.google.firebase:firebase-auth:22.3.1] AndroidManifest.xml:44:21-48
244            </intent-filter>
245        </activity>
246        <activity
246-->[com.google.android.gms:play-services-base:18.0.1] AndroidManifest.xml:20:9-22:45
247            android:name="com.google.android.gms.common.api.GoogleApiActivity"
247-->[com.google.android.gms:play-services-base:18.0.1] AndroidManifest.xml:20:19-85
248            android:exported="false"